c:\users\mega0418\documents\github\proyecto_2_rent_a_car\proyecto2\x64\debug\vc143.pdb
c:\users\mega0418\documents\github\proyecto_2_rent_a_car\proyecto2\x64\debug\vc143.idb
c:\users\mega0418\documents\github\proyecto_2_rent_a_car\proyecto2\x64\debug\utiles.obj
c:\users\mega0418\documents\github\proyecto_2_rent_a_car\proyecto2\x64\debug\registrobitacora.obj
c:\users\mega0418\documents\github\proyecto_2_rent_a_car\proyecto2\x64\debug\plantel.obj
c:\users\mega0418\documents\github\proyecto_2_rent_a_car\proyecto2\x64\debug\personajuridica.obj
c:\users\mega0418\documents\github\proyecto_2_rent_a_car\proyecto2\x64\debug\personafisica.obj
c:\users\mega0418\documents\github\proyecto_2_rent_a_car\proyecto2\x64\debug\nodo.obj
c:\users\mega0418\documents\github\proyecto_2_rent_a_car\proyecto2\x64\debug\matriz.obj
c:\users\mega0418\documents\github\proyecto_2_rent_a_car\proyecto2\x64\debug\main.obj
c:\users\mega0418\documents\github\proyecto_2_rent_a_car\proyecto2\x64\debug\lista.obj
c:\users\mega0418\documents\github\proyecto_2_rent_a_car\proyecto2\x64\debug\inventariovehiculos.obj
c:\users\mega0418\documents\github\proyecto_2_rent_a_car\proyecto2\x64\debug\espacioestacionamiento.obj
c:\users\mega0418\documents\github\proyecto_2_rent_a_car\proyecto2\x64\debug\entradabitacora.obj
c:\users\mega0418\documents\github\proyecto_2_rent_a_car\proyecto2\x64\debug\conjuntocolaboradores.obj
c:\users\mega0418\documents\github\proyecto_2_rent_a_car\proyecto2\x64\debug\colaborador.obj
c:\users\mega0418\documents\github\proyecto_2_rent_a_car\proyecto2\x64\debug\cliente.obj
c:\users\mega0418\documents\github\proyecto_2_rent_a_car\proyecto2\x64\debug\carteraclientes.obj
c:\users\mega0418\documents\github\proyecto_2_rent_a_car\proyecto2\x64\debug\vehiculo.obj
c:\users\mega0418\documents\github\proyecto_2_rent_a_car\proyecto2\x64\debug\proyecto2.tlog\cl.command.1.tlog
c:\users\mega0418\documents\github\proyecto_2_rent_a_car\proyecto2\x64\debug\proyecto2.tlog\cl.read.1.tlog
c:\users\mega0418\documents\github\proyecto_2_rent_a_car\proyecto2\x64\debug\proyecto2.tlog\cl.write.1.tlog
